<?xml version="1.0" encoding="UTF-8"?>
<!-- Generated by org.testng.reporters.JUnitXMLReporter -->
<testsuite ignored="0" hostname="LIN80015404" failures="0" tests="4" name="Test" time="79.962" errors="0" timestamp="29 Oct 2017 12:31:00 GMT">
  <testcase classname="TestLab.NewTest" name="testset1" time="22.223"/>
  <testcase classname="TestLab.NewTest" name="testset1" time="18.535"/>
  <testcase classname="TestLab.NewTest" name="testset2" time="19.706"/>
  <testcase classname="TestLab.NewTest" name="testset2" time="19.28"/>
</testsuite> <!-- Test -->
